Performing C SOURCE FILE Test CMAKE_HAVE_LIBC_PTHREAD failed with the following output:
Change Dir: /home/andrew/Рабочий стол/HardMoments/SixTask/build/CMakeFiles/CMakeTmp

Run Build Command(s):/usr/bin/make -f Makefile cmTC_68f60/fast && /usr/bin/make  -f CMakeFiles/cmTC_68f60.dir/build.make CMakeFiles/cmTC_68f60.dir/build
make[1]: вход в каталог «/home/andrew/Рабочий стол/HardMoments/SixTask/build/CMakeFiles/CMakeTmp»
Building C object CMakeFiles/cmTC_68f60.dir/src.c.o
/bin/x86_64-linux-gnu-gcc-9 -DCMAKE_HAVE_LIBC_PTHREAD   -o CMakeFiles/cmTC_68f60.dir/src.c.o -c "/home/andrew/Рабочий стол/HardMoments/SixTask/build/CMakeFiles/CMakeTmp/src.c"
Linking C executable cmTC_68f60
/snap/cmake/992/bin/cmake -E cmake_link_script CMakeFiles/cmTC_68f60.dir/link.txt --verbose=1
/bin/x86_64-linux-gnu-gcc-9 -rdynamic CMakeFiles/cmTC_68f60.dir/src.c.o -o cmTC_68f60 
/usr/bin/ld: CMakeFiles/cmTC_68f60.dir/src.c.o: в функции «main»:
src.c:(.text+0x46): неопределённая ссылка на «pthread_create»
/usr/bin/ld: src.c:(.text+0x52): неопределённая ссылка на «pthread_detach»
/usr/bin/ld: src.c:(.text+0x5e): неопределённая ссылка на «pthread_cancel»
/usr/bin/ld: src.c:(.text+0x6f): неопределённая ссылка на «pthread_join»
collect2: error: ld returned 1 exit status
make[1]: *** [CMakeFiles/cmTC_68f60.dir/build.make:99: cmTC_68f60] Ошибка 1
make[1]: выход из каталога «/home/andrew/Рабочий стол/HardMoments/SixTask/build/CMakeFiles/CMakeTmp»
make: *** [Makefile:127: cmTC_68f60/fast] Ошибка 2


Source file was:
#include <pthread.h>

static void* test_func(void* data)
{
  return data;
}

int main(void)
{
  pthread_t thread;
  pthread_create(&thread, NULL, test_func, NULL);
  pthread_detach(thread);
  pthread_cancel(thread);
  pthread_join(thread, NULL);
  pthread_atfork(NULL, NULL, NULL);
  pthread_exit(NULL);

  return 0;
}

